<?xml version="1.0" encoding="UTF-8"?>
<testsuite xmlns:xsi="http://www.w3.org/2001/XMLSchema-instance" xsi:noNamespaceSchemaLocation="https://maven.apache.org/surefire/maven-surefire-plugin/xsd/surefire-test-report.xsd" name="TestSuite" time="17.431" tests="2" errors="0" skipped="0" failures="0">
  <properties>
[...]
</properties>
  <testcase name="testCase1" classname="com.AutomationTest.demoProject1.TestClass1" time="1.568"/>
  <testcase name="testCase2" classname="com.AutomationTest.demoProject1.TestClass1" time="1.475"/>
</testsuite>