<?xml version="1.0" encoding="UTF-8"?>
<testng-results ignored="0" total="2" passed="2" failed="0" skipped="0">
  <reporter-output>
  </reporter-output>
  <suite started-at="2020-05-10T22:56:05Z" name="Suite" finished-at="2020-05-10T22:56:21Z" duration-ms="15765">
    <groups>
    </groups>
    <test started-at="2020-05-10T22:56:05Z" name="Test" finished-at="2020-05-10T22:56:21Z" duration-ms="15765">
      <class name="com.AutomationTest.demoProject1.TestClass1">
        <test-method is-config="true" signature="launchDriver()[pri:0, instance:com.AutomationTest.demoProject1.TestClass1@4ea5b703]" started-at="2020-05-10T22:56:05Z" name="launchDriver" finished-at="2020-05-10T22:56:11Z" duration-ms="5926" status="PASS">
          <reporter-output>
          </reporter-output>
        </test-method> <!-- launchDriver -->
        <test-method signature="testCase1()[pri:0, instance:com.AutomationTest.demoProject1.TestClass1@4ea5b703]" started-at="2020-05-10T22:56:11Z" name="testCase1" finished-at="2020-05-10T22:56:12Z" duration-ms="1580" status="PASS">
          <reporter-output>
          </reporter-output>
        </test-method> <!-- testCase1 -->
        <test-method is-config="true" signature="quit()[pri:0, instance:com.AutomationTest.demoProject1.TestClass1@4ea5b703]" started-at="2020-05-10T22:56:12Z" name="quit" finished-at="2020-05-10T22:56:13Z" duration-ms="707" status="PASS">
          <reporter-output>
          </reporter-output>
        </test-method> <!-- quit -->
        <test-method is-config="true" signature="launchDriver()[pri:0, instance:com.AutomationTest.demoProject1.TestClass1@4ea5b703]" started-at="2020-05-10T22:56:13Z" name="launchDriver" finished-at="2020-05-10T22:56:19Z" duration-ms="5332" status="PASS">
          <reporter-output>
          </reporter-output>
        </test-method> <!-- launchDriver -->
        <test-method signature="testCase2()[pri:0, instance:com.AutomationTest.demoProject1.TestClass1@4ea5b703]" started-at="2020-05-10T22:56:19Z" name="testCase2" finished-at="2020-05-10T22:56:20Z" duration-ms="1486" status="PASS">
          <reporter-output>
          </reporter-output>
        </test-method> <!-- testCase2 -->
        <test-method is-config="true" signature="quit()[pri:0, instance:com.AutomationTest.demoProject1.TestClass1@4ea5b703]" started-at="2020-05-10T22:56:20Z" name="quit" finished-at="2020-05-10T22:56:21Z" duration-ms="688" status="PASS">
          <reporter-output>
          </reporter-output>
        </test-method> <!-- quit -->
      </class> <!-- com.AutomationTest.demoProject1.TestClass1 -->
    </test> <!-- Test -->
  </suite> <!-- Suite -->
</testng-results>
