<?xml version="1.0" encoding="UTF-8"?>
<testng-results ignored="0" total="1" passed="1" failed="0" skipped="0">
  <reporter-output>
  </reporter-output>
  <suite started-at="2020-05-10T22:51:56Z" name="Default suite" finished-at="2020-05-10T22:52:04Z" duration-ms="8507">
    <groups>
    </groups>
    <test started-at="2020-05-10T22:51:56Z" name="Default test" finished-at="2020-05-10T22:52:04Z" duration-ms="8507">
      <class name="com.AutomationTest.demoProject1.TestClass1">
        <test-method is-config="true" signature="launchDriver()[pri:0, instance:com.AutomationTest.demoProject1.TestClass1@2fba3fc4]" started-at="2020-05-10T22:51:56Z" name="launchDriver" finished-at="2020-05-10T22:52:02Z" duration-ms="5994" status="PASS">
          <reporter-output>
          </reporter-output>
        </test-method> <!-- launchDriver -->
        <test-method signature="testCase1()[pri:0, instance:com.AutomationTest.demoProject1.TestClass1@2fba3fc4]" started-at="2020-05-10T22:52:02Z" name="testCase1" finished-at="2020-05-10T22:52:04Z" duration-ms="1724" status="PASS">
          <reporter-output>
          </reporter-output>
        </test-method> <!-- testCase1 -->
        <test-method is-config="true" signature="quit()[pri:0, instance:com.AutomationTest.demoProject1.TestClass1@2fba3fc4]" started-at="2020-05-10T22:52:04Z" name="quit" finished-at="2020-05-10T22:52:04Z" duration-ms="747" status="PASS">
          <reporter-output>
          </reporter-output>
        </test-method> <!-- quit -->
      </class> <!-- com.AutomationTest.demoProject1.TestClass1 -->
    </test> <!-- Default test -->
  </suite> <!-- Default suite -->
</testng-results>
